<?xml version="1.0" encoding="UTF-8"?>
<!-- Generated by org.testng.reporters.JUnitReportReporter -->
<testsuite hostname="DESKTOP-148A6Q9" failures="0" tests="1" name="testcases.Firsttest" time="12.359" errors="0" timestamp="2023-08-22T12:25:03 IST" skipped="0">
  <testcase classname="testcases.Firsttest" name="login" time="12.359"/>
</testsuite> <!-- testcases.Firsttest -->
